"../../../../../../Users/Banji/Documents/Unreal Projects/CrossyRoad/Content/Assests/blinn18.uasset" 0
"../../../../../../Users/Banji/Documents/Unreal Projects/CrossyRoad/Content/Assests/blinn19.uasset" 1
"../../../../../../Users/Banji/Documents/Unreal Projects/CrossyRoad/Content/Assests/blinn7.uasset" 2
"../../../../../../Users/Banji/Documents/Unreal Projects/CrossyRoad/Content/Assests/lambert1.uasset" 3
"../../../../../../Users/Banji/Documents/Unreal Projects/CrossyRoad/Content/Assests/lambert3.uasset" 4
"../../../../../../Users/Banji/Documents/Unreal Projects/CrossyRoad/Content/Assests/Car.uasset" 5
"../../../../../../Users/Banji/Documents/Unreal Projects/CrossyRoad/Content/Assests/blinn20.uasset" 6
"../../../../../../Users/Banji/Documents/Unreal Projects/CrossyRoad/Content/Assests/blinn21.uasset" 7
"../../../../../../Users/Banji/Documents/Unreal Projects/CrossyRoad/Content/Assests/bigtree.uasset" 8
"../../../../../../Users/Banji/Documents/Unreal Projects/CrossyRoad/Content/Assests/Grass_Obstacles_pCube83_001.uasset" 9
"../../../../../../Users/Banji/Documents/Unreal Projects/CrossyRoad/Content/Assests/lambert2_3.uasset" 10
"../../../../../../Users/Banji/Documents/Unreal Projects/CrossyRoad/Content/Assests/Material_001.uasset" 11
"../../../../../../Users/Banji/Documents/Unreal Projects/CrossyRoad/Content/Assests/lillypad.uasset" 12
"../../../../../../Users/Banji/Documents/Unreal Projects/CrossyRoad/Content/Assests/Material_002.uasset" 13
"../../../../../../Users/Banji/Documents/Unreal Projects/CrossyRoad/Content/Assests/log.uasset" 14
"../../../../../../Users/Banji/Documents/Unreal Projects/CrossyRoad/Content/Assests/Car_Color.uasset" 15
"../../../../../../Users/Banji/Documents/Unreal Projects/CrossyRoad/Content/Assests/Puple.uasset" 16
"../../../../../../Users/Banji/Documents/Unreal Projects/CrossyRoad/Content/Assests/Vehical_Grill.uasset" 17
"../../../../../../Users/Banji/Documents/Unreal Projects/CrossyRoad/Content/Assests/Window_Color.uasset" 18
"../../../../../../Users/Banji/Documents/Unreal Projects/CrossyRoad/Content/Assests/notaclone_Car_Body.uasset" 19
"../../../../../../Users/Banji/Documents/Unreal Projects/CrossyRoad/Content/Assests/blinn14.uasset" 20
"../../../../../../Users/Banji/Documents/Unreal Projects/CrossyRoad/Content/Assests/blinn15.uasset" 21
"../../../../../../Users/Banji/Documents/Unreal Projects/CrossyRoad/Content/Assests/blinn16.uasset" 22
"../../../../../../Users/Banji/Documents/Unreal Projects/CrossyRoad/Content/Assests/blinn17.uasset" 23
"../../../../../../Users/Banji/Documents/Unreal Projects/CrossyRoad/Content/Assests/Truck.uasset" 24
"../../../../../../Users/Banji/Documents/Unreal Projects/CrossyRoad/Content/Mannequin/Character/Mesh/UE4_Mannequin_Skeleton.uasset" 25
"../../../../../../Users/Banji/Documents/Unreal Projects/CrossyRoad/Content/Mannequin/Animations/ThirdPersonJump_End.uasset" 26
"../../../Engine/Content/Functions/Engine_MaterialFunctions02/Utility/BlendAngleCorrectedNormals.uasset" 27
"../../../Engine/Content/Functions/MaterialLayerFunctions/MatLayerBlend_NormalBlend.uasset" 28
"../../../Engine/Content/Functions/MaterialLayerFunctions/MatLayerBlend_Simple.uasset" 29
"../../../../../../Users/Banji/Documents/Unreal Projects/CrossyRoad/Content/Mannequin/Character/Materials/MaterialLayers/T_ML_Rubber_Blue_01_D.uasset" 30
"../../../../../../Users/Banji/Documents/Unreal Projects/CrossyRoad/Content/Mannequin/Character/Materials/MaterialLayers/T_ML_Rubber_Blue_01_N.uasset" 31
"../../../../../../Users/Banji/Documents/Unreal Projects/CrossyRoad/Content/Mannequin/Character/Materials/MaterialLayers/ML_GlossyBlack_Latex_UE4.uasset" 32
"../../../../../../Users/Banji/Documents/Unreal Projects/CrossyRoad/Content/Mannequin/Character/Materials/MaterialLayers/ML_Plastic_Shiny_Beige.uasset" 33
"../../../../../../Users/Banji/Documents/Unreal Projects/CrossyRoad/Content/Mannequin/Character/Textures/UE4_LOGO_CARD.uasset" 34
"../../../../../../Users/Banji/Documents/Unreal Projects/CrossyRoad/Content/Mannequin/Character/Materials/MaterialLayers/ML_Plastic_Shiny_Beige_LOGO.uasset" 35
"../../../../../../Users/Banji/Documents/Unreal Projects/CrossyRoad/Content/Mannequin/Character/Materials/MaterialLayers/T_ML_Aluminum01.uasset" 36
"../../../../../../Users/Banji/Documents/Unreal Projects/CrossyRoad/Content/Mannequin/Character/Materials/MaterialLayers/T_ML_Aluminum01_N.uasset" 37
"../../../../../../Users/Banji/Documents/Unreal Projects/CrossyRoad/Content/Mannequin/Character/Materials/MaterialLayers/ML_SoftMetal_UE4.uasset" 38
"../../../../../../Users/Banji/Documents/Unreal Projects/CrossyRoad/Content/Mannequin/Character/Textures/UE4_Mannequin__normals.uasset" 39
"../../../../../../Users/Banji/Documents/Unreal Projects/CrossyRoad/Content/Mannequin/Character/Textures/UE4_Mannequin_MAT_MASKA.uasset" 40
"../../../../../../Users/Banji/Documents/Unreal Projects/CrossyRoad/Content/Mannequin/Character/Materials/M_UE4Man_Body.uasset" 41
"../../../../../../Users/Banji/Documents/Unreal Projects/CrossyRoad/Content/Mannequin/Character/Textures/UE4Man_Logo_N.uasset" 42
"../../../../../../Users/Banji/Documents/Unreal Projects/CrossyRoad/Content/Mannequin/Character/Materials/M_UE4Man_ChestLogo.uasset" 43
"../../../../../../Users/Banji/Documents/Unreal Projects/CrossyRoad/Content/Mannequin/Character/Mesh/SK_Mannequin_PhysicsAsset.uasset" 44
"../../../../../../Users/Banji/Documents/Unreal Projects/CrossyRoad/Content/Mannequin/Character/Mesh/SK_Mannequin.uasset" 45
"../../../../../../Users/Banji/Documents/Unreal Projects/CrossyRoad/Content/ThirdPersonBP/ThirdPersonOverview.uasset" 46
"../../../../../../Users/Banji/Documents/Unreal Projects/CrossyRoad/Content/Mannequin/Animations/ThirdPerson_Jump.uasset" 47
"../../../../../../Users/Banji/Documents/Unreal Projects/CrossyRoad/Content/Mannequin/Animations/ThirdPersonJump_Loop.uasset" 48
"../../../../../../Users/Banji/Documents/Unreal Projects/CrossyRoad/Content/Mannequin/Animations/ThirdPersonJump_Start.uasset" 49
"../../../../../../Users/Banji/Documents/Unreal Projects/CrossyRoad/Content/Mannequin/Animations/ThirdPersonIdle.uasset" 50
"../../../../../../Users/Banji/Documents/Unreal Projects/CrossyRoad/Content/Mannequin/Animations/ThirdPersonRun.uasset" 51
"../../../../../../Users/Banji/Documents/Unreal Projects/CrossyRoad/Content/Mannequin/Animations/ThirdPersonWalk.uasset" 52
"../../../../../../Users/Banji/Documents/Unreal Projects/CrossyRoad/Content/Mannequin/Animations/ThirdPerson_IdleRun_2D.uasset" 53
"../../../Engine/Content/EditorBlueprintResources/StandardMacros.uasset" 54
"../../../../../../Users/Banji/Documents/Unreal Projects/CrossyRoad/Content/Mannequin/Animations/ThirdPerson_AnimBP.uasset" 55
"../../../../../../Users/Banji/Documents/Unreal Projects/CrossyRoad/Content/Assests/blinn2.uasset" 56
"../../../../../../Users/Banji/Documents/Unreal Projects/CrossyRoad/Content/Assests/blinn3.uasset" 57
"../../../../../../Users/Banji/Documents/Unreal Projects/CrossyRoad/Content/Assests/blinn6.uasset" 58
"../../../../../../Users/Banji/Documents/Unreal Projects/CrossyRoad/Content/Assests/lambert2.uasset" 59
"../../../../../../Users/Banji/Documents/Unreal Projects/CrossyRoad/Content/Assests/frog.uasset" 60
"../../../../../../Users/Banji/Documents/Unreal Projects/CrossyRoad/Content/ThirdPersonBP/Blueprints/Frog_BP.uasset" 61
"../../../../../../Users/Banji/Documents/Unreal Projects/CrossyRoad/Content/ThirdPersonBP/Blueprints/Highscore.uasset" 62
"../../../../../../Users/Banji/Documents/Unreal Projects/CrossyRoad/Content/ThirdPersonBP/Blueprints/jumpland.uasset" 63
"../../../../../../Users/Banji/Documents/Unreal Projects/CrossyRoad/Content/ThirdPersonBP/Blueprints/MainHud.uasset" 64
"../../../../../../Users/Banji/Documents/Unreal Projects/CrossyRoad/Content/ThirdPersonBP/Blueprints/mutant_frog-1.uasset" 65
"../../../../../../Users/Banji/Documents/Unreal Projects/CrossyRoad/Content/ThirdPersonBP/Blueprints/Paused.uasset" 66
"../../../../../../Users/Banji/Documents/Unreal Projects/CrossyRoad/Content/ThirdPersonBP/Blueprints/Restart.uasset" 67
"../../../../../../Users/Banji/Documents/Unreal Projects/CrossyRoad/Content/ThirdPersonBP/Blueprints/watersplash.uasset" 68
"../../../../../../Users/Banji/Documents/Unreal Projects/CrossyRoad/Content/ThirdPersonBP/Blueprints/ThirdPersonCharacter.uasset" 69
"../../../../../../Users/Banji/Documents/Unreal Projects/CrossyRoad/Content/ThirdPersonBP/Blueprints/EndlessRunnerGamaeMode.uasset" 70
"../../../../../../Users/Banji/Documents/Unreal Projects/CrossyRoad/Content/ThirdPersonBP/Blueprints/Crocteeth.uasset" 71
"../../../../../../Users/Banji/Documents/Unreal Projects/CrossyRoad/Content/ThirdPersonBP/Blueprints/green.uasset" 72
"../../../../../../Users/Banji/Documents/Unreal Projects/CrossyRoad/Content/ThirdPersonBP/Blueprints/Material.uasset" 73
"../../../../../../Users/Banji/Documents/Unreal Projects/CrossyRoad/Content/ThirdPersonBP/Blueprints/Material_001.uasset" 74
"../../../../../../Users/Banji/Documents/Unreal Projects/CrossyRoad/Content/ThirdPersonBP/Blueprints/croc.uasset" 75
"../../../../../../Users/Banji/Documents/Unreal Projects/CrossyRoad/Content/ThirdPersonBP/Blueprints/Log_2.uasset" 76
"../../../../../../Users/Banji/Documents/Unreal Projects/CrossyRoad/Content/ThirdPersonBP/Blueprints/M_PINK.uasset" 77
"../../../../../../Users/Banji/Documents/Unreal Projects/CrossyRoad/Content/ThirdPersonBP/Blueprints/EyeCore.uasset" 78
"../../../../../../Users/Banji/Documents/Unreal Projects/CrossyRoad/Content/ThirdPersonBP/Blueprints/Puple.uasset" 79
"../../../../../../Users/Banji/Documents/Unreal Projects/CrossyRoad/Content/ThirdPersonBP/Blueprints/Truck_Color.uasset" 80
"../../../../../../Users/Banji/Documents/Unreal Projects/CrossyRoad/Content/ThirdPersonBP/Blueprints/Vehical_Grill.uasset" 81
"../../../../../../Users/Banji/Documents/Unreal Projects/CrossyRoad/Content/ThirdPersonBP/Blueprints/Window_Color.uasset" 82
"../../../../../../Users/Banji/Documents/Unreal Projects/CrossyRoad/Content/ThirdPersonBP/Blueprints/notaclone_Exhaust_Bottom.uasset" 83
"../../../../../../Users/Banji/Documents/Unreal Projects/CrossyRoad/Content/ThirdPersonBP/Blueprints/M_BROWN.uasset" 84
"../../../../../../Users/Banji/Documents/Unreal Projects/CrossyRoad/Content/ThirdPersonBP/Blueprints/notaclone_L_bear_ear.uasset" 85
"../../../../../../Users/Banji/Documents/Unreal Projects/CrossyRoad/Content/ThirdPersonBP/Blueprints/M_BLACK.uasset" 86
"../../../../../../Users/Banji/Documents/Unreal Projects/CrossyRoad/Content/ThirdPersonBP/Blueprints/notaclone_L_bear_eye.uasset" 87
"../../../../../../Users/Banji/Documents/Unreal Projects/CrossyRoad/Content/Assests/Grass_Obstacles_pCube83.uasset" 88
"../../../../../../Users/Banji/Documents/Unreal Projects/CrossyRoad/Content/Assests/blinn22.uasset" 89
"../../../../../../Users/Banji/Documents/Unreal Projects/CrossyRoad/Content/Assests/rock.uasset" 90
"../../../../../../Users/Banji/Documents/Unreal Projects/CrossyRoad/Content/ThirdPersonBP/Blueprints/TreeObstacles.uasset" 91
"../../../Engine/Content/Functions/Engine_MaterialFunctions01/Opacity/CameraDepthFade.uasset" 92
"../../../Engine/Content/EngineMaterials/T_Default_Material_Grid_M.uasset" 93
"../../../Engine/Content/EngineMaterials/T_Default_Material_Grid_N.uasset" 94
"../../../Engine/Content/EngineMaterials/WorldGridMaterial.uasset" 95
"../../../Engine/Content/BasicShapes/Cube.uasset" 96
"../../../../../../Users/Banji/Documents/Unreal Projects/CrossyRoad/Content/ThirdPersonBP/Blueprints/TerrainstripGrass.uasset" 97
"../../../../../../Users/Banji/Documents/Unreal Projects/CrossyRoad/Content/ThirdPersonBP/Blueprints/Terrainstrip.uasset" 98
"../../../../../../Users/Banji/Documents/Unreal Projects/CrossyRoad/Content/Geometry/Meshes/CubeMaterial.uasset" 99
"../../../../../../Users/Banji/Documents/Unreal Projects/CrossyRoad/Content/Geometry/Meshes/1M_Cube.uasset" 100
"../../../../../../Users/Banji/Documents/Unreal Projects/CrossyRoad/Content/ThirdPersonBP/Blueprints/testy.uasset" 101
"../../../../../../Users/Banji/Documents/Unreal Projects/CrossyRoad/Content/ThirdPersonBP/Blueprints/testy_2.uasset" 102
"../../../Engine/Content/Animation/DefaultAnimCurveCompressionSettings.uasset" 103
"../../../Engine/Content/ArtTools/RenderToTexture/Meshes/S_1_Unit_Plane.uasset" 104
"../../../Engine/Content/EngineMaterials/DefaultMaterial.uasset" 105
"../../../Engine/Content/BasicShapes/Cone.uasset" 106
"../../../Engine/Content/BasicShapes/Cylinder.uasset" 107
"../../../Engine/Content/BasicShapes/Plane.uasset" 108
"../../../Engine/Content/BasicShapes/Sphere.uasset" 109
"../../../Engine/Content/EditorLandscapeResources/DataLayer.uasset" 110
"../../../Engine/Content/EditorMaterials/MAT_Groups_Toggle.uasset" 111
"../../../Engine/Content/EditorMaterials/MAT_Groups_Visibility.uasset" 112
"../../../Engine/Content/EditorMaterials/PreviewShadowIndicator.uasset" 113
"../../../Engine/Content/EditorMaterials/PreviewShadowIndicatorMaterial.uasset" 114
"../../../Engine/Content/EditorMaterials/MatineeGroups/MAT_ColorTrack.uasset" 115
"../../../Engine/Content/EditorMaterials/MatineeGroups/MAT_Groups_Anim.uasset" 116
"../../../Engine/Content/EditorMaterials/MatineeGroups/MAT_Groups_AudioMaster.uasset" 117
"../../../Engine/Content/EditorMaterials/MatineeGroups/MAT_Groups_Director.uasset" 118
"../../../Engine/Content/EditorMaterials/MatineeGroups/MAT_Groups_Event.uasset" 119
"../../../Engine/Content/EditorMaterials/MatineeGroups/MAT_Groups_Fade.uasset" 120
"../../../Engine/Content/EditorMaterials/MatineeGroups/MAT_Groups_Float.uasset" 121
"../../../Engine/Content/EditorMaterials/MatineeGroups/MAT_Groups_Move.uasset" 122
"../../../Engine/Content/EditorMaterials/MatineeGroups/MAT_Groups_Slomo.uasset" 123
"../../../Engine/Content/EditorMaterials/MatineeGroups/MAT_Groups_Sound.uasset" 124
"../../../Engine/Content/EditorMaterials/MatineeGroups/MAT_Groups_Vector.uasset" 125
"../../../Engine/Content/EditorMaterials/ParticleSystems/PSysThumbnail_NoImage.uasset" 126
"../../../Engine/Content/EditorMaterials/ParticleSystems/PSysThumbnail_OOD.uasset" 127
"../../../Engine/Content/EditorMaterials/Camera/CineMat.uasset" 128
"../../../Engine/Content/EditorMaterials/Camera/MI_CineMat_Rig.uasset" 129
"../../../Engine/Content/EditorMeshes/Camera/SM_CraneRig_Arm.uasset" 130
"../../../Engine/Content/EditorMeshes/Camera/SM_CraneRig_Base.uasset" 131
"../../../Engine/Content/EditorMeshes/Camera/SM_CraneRig_Body.uasset" 132
"../../../Engine/Content/EditorMeshes/Camera/SM_CraneRig_Mount.uasset" 133
"../../../Engine/Content/EditorMeshes/Camera/SM_RailRig_Mount.uasset" 134
"../../../Engine/Content/EditorMeshes/Camera/SM_RailRig_Track.uasset" 135
"../../../Engine/Content/EditorResources/BSPVertex.uasset" 136
"../../../Engine/Content/EditorResources/EmptyActor.uasset" 137
"../../../Engine/Content/EditorResources/S_Actor.uasset" 138
"../../../Engine/Content/EditorResources/S_Note.uasset" 139
"../../../Engine/Content/EditorResources/S_Solver.uasset" 140
"../../../Engine/Content/EditorResources/S_Trigger.uasset" 141
"../../../Engine/Content/EditorResources/LightIcons/S_LightError.uasset" 142
"../../../Engine/Content/EditorResources/SequenceRecorder/Countdown.uasset" 143
"../../../Engine/Content/EditorResources/SequenceRecorder/RecordingIndicator.uasset" 144
"../../../Engine/Content/EditorSounds/Notifications/CompileFailed.uasset" 145
"../../../Engine/Content/EditorSounds/Notifications/CompileFailed_Cue.uasset" 146
"../../../Engine/Content/EditorSounds/Notifications/CompileSuccess.uasset" 147
"../../../Engine/Content/EditorSounds/Notifications/CompileStart_Cue.uasset" 148
"../../../Engine/Content/EditorSounds/Notifications/CompileSuccess_Cue.uasset" 149
"../../../Engine/Content/EngineDamageTypes/DmgTypeBP_Environmental.uasset" 150
"../../../Engine/Content/EngineDebugMaterials/DebugEditorMaterial.uasset" 151
"../../../Engine/Content/EngineDebugMaterials/DebugMeshMaterial.uasset" 152
"../../../Engine/Content/EngineDebugMaterials/M_SimpleTranslucent.uasset" 153
"../../../Engine/Content/Functions/Engine_MaterialFunctions02/Utility/CameraDirectionVector.uasset" 154
"../../../Engine/Content/EngineDebugMaterials/VolumeToRender.uasset" 155
"../../../Engine/Content/EngineDebugMaterials/M_VolumeRenderSphereTracePP.uasset" 156
"../../../Engine/Content/EngineDebugMaterials/WireframeMaterial.uasset" 157
"../../../Engine/Content/EngineFonts/Faces/DroidSansFallback.uasset" 158
"../../../Engine/Content/EngineFonts/Faces/RobotoBold.uasset" 159
"../../../Engine/Content/EngineFonts/Faces/RobotoBoldItalic.uasset" 160
"../../../Engine/Content/EngineFonts/Faces/RobotoItalic.uasset" 161
"../../../Engine/Content/EngineFonts/Faces/RobotoLight.uasset" 162
"../../../Engine/Content/EngineFonts/Faces/RobotoRegular.uasset" 163
"../../../Engine/Content/EngineFonts/Roboto.uasset" 164
"../../../Engine/Content/EngineMaterials/BaseFlattenDiffuseMap.uasset" 165
"../../../Engine/Content/EngineMaterials/BaseFlattenEmissiveMap.uasset" 166
"../../../Engine/Content/EngineMaterials/BaseFlattenGrayscaleMap.uasset" 167
"../../../Engine/Content/EngineMaterials/BaseFlattenNormalMap.uasset" 168
"../../../Engine/Content/EngineMaterials/BaseFlattenMaterial.uasset" 169
"../../../Engine/Content/EngineMaterials/BlueNoise.uasset" 170
"../../../Engine/Content/EngineMaterials/DefaultBloomKernel.uasset" 171
"../../../Engine/Content/EngineMaterials/DefaultBokeh.uasset" 172
"../../../Engine/Content/EngineMaterials/DefaultDiffuse.uasset" 173
"../../../Engine/Content/EngineMaterials/DefaultDeferredDecalMaterial.uasset" 174
"../../../Engine/Content/EngineMaterials/DefaultLightFunctionMaterial.uasset" 175
"../../../Engine/Content/EngineMaterials/DefaultPhysicalMaterial.uasset" 176
"../../../Engine/Content/Functions/Engine_MaterialFunctions02/Utility/BreakOutFloat2Components.uasset" 177
"../../../Engine/Content/EngineMaterials/DefaultPostProcessMaterial.uasset" 178
"../../../Engine/Content/EngineFonts/RobotoDistanceField.uasset" 179
"../../../Engine/Content/EngineMaterials/DefaultTextMaterialOpaque.uasset" 180
"../../../Engine/Content/EngineMaterials/DefaultVirtualTextureMaterial.uasset" 181
"../../../Engine/Content/EngineMaterials/DefaultWhiteGrid.uasset" 182
"../../../Engine/Content/EngineMaterials/DefaultWhiteGrid_Low.uasset" 183
"../../../Engine/Content/EngineMaterials/EmissiveMeshMaterial.uasset" 184
"../../../Engine/Content/EngineMaterials/GizmoMaterial.uasset" 185
"../../../Engine/Content/EngineMaterials/Good64x64TilingNoiseHighFreq.uasset" 186
"../../../Engine/Content/EngineMaterials/HairDefaultMaterial.uasset" 187
"../../../Engine/Content/EngineMaterials/MiniFont.uasset" 188
"../../../Engine/Content/EngineMaterials/InvalidLightmapSettings.uasset" 189
"../../../Engine/Content/EngineMaterials/M_InvalidLightmapSettings.uasset" 190
"../../../Engine/Content/Functions/Engine_MaterialFunctions02/WorldPositionOffset/CameraOffset.uasset" 191
"../../../Engine/Content/EngineMaterials/PhAT_JointLimitMaterial.uasset" 192
"../../../Engine/Content/EngineMaterials/PreintegratedSkinBRDF.uasset" 193
"../../../Engine/Content/EngineMaterials/RemoveSurfaceMaterial.uasset" 194
"../../../Engine/Content/EngineMaterials/WeightMapPlaceholderTexture.uasset" 195
"../../../Engine/Content/EngineResources/WhiteSquareTexture.uasset" 196
"../../../Engine/Content/EngineMaterials/Widget3DPassThrough.uasset" 197
"../../../Engine/Content/EngineMaterials/Widget3DPassThrough_Masked.uasset" 198
"../../../Engine/Content/EngineMaterials/Widget3DPassThrough_Opaque.uasset" 199
"../../../Engine/Content/EngineMaterials/Widget3DPassThrough_Masked_OneSided.uasset" 200
"../../../Engine/Content/EngineMaterials/Widget3DPassThrough_Opaque_OneSided.uasset" 201
"../../../Engine/Content/EngineMaterials/Widget3DPassThrough_Translucent.uasset" 202
"../../../Engine/Content/EngineMaterials/Widget3DPassThrough_Translucent_OneSided.uasset" 203
"../../../Engine/Content/EngineMeshes/Cylinder.uasset" 204
"../../../Engine/Content/EngineMeshes/Sphere.uasset" 205
"../../../Engine/Content/EngineResources/Black.uasset" 206
"../../../Engine/Content/EngineResources/DefaultTexture.uasset" 207
"../../../Engine/Content/EngineResources/DefaultTextureCube.uasset" 208
"../../../Engine/Content/EngineResources/DefaultVolumeTexture2D.uasset" 209
"../../../Engine/Content/EngineResources/DefaultVolumeTexture.uasset" 210
"../../../Engine/Content/EngineResources/GradientTexture0.uasset" 211
"../../../Engine/Content/EngineSounds/Master.uasset" 212
"../../../Engine/Content/Functions/Engine_MaterialFunctions01/Shading/ConvertFromDiffSpec.uasset" 213
"../../../Engine/Content/Functions/Engine_MaterialFunctions01/Shading/PowerToRoughness.uasset" 214
"../../../Engine/Content/Maps/Templates/Thumbnails/Default.uasset" 215
"../../../Engine/Content/Maps/Templates/Thumbnails/TimeOfDay.uasset" 216
"../../../Engine/Content/Maps/Templates/Thumbnails/VR-Basic.uasset" 217
"../../../Engine/Content/MobileResources/T_MobileControls_texture.uasset" 218
"../../../Engine/Content/MobileResources/T_MobileMenu2.uasset" 219
"../../../Engine/Content/MobileResources/HUD/AnalogHat.uasset" 220
"../../../Engine/Content/MobileResources/HUD/VirtualJoystick_Background.uasset" 221
"../../../Engine/Content/MobileResources/HUD/VirtualJoystick_Thumb.uasset" 222
"../../../Engine/Content/MobileResources/HUD/DefaultVirtualJoysticks.uasset" 223
"../../../Engine/Content/MobileResources/HUD/LeftVirtualJoystickOnly.uasset" 224
"../../../Engine/Content/MobileResources/HUD/MobileHUDButton1_off.uasset" 225
"../../../Engine/Content/MobileResources/HUD/MobileHUDButton1_on.uasset" 226
"../../../Engine/Content/MobileResources/HUD/MobileHUDButton2_off.uasset" 227
"../../../Engine/Content/MobileResources/HUD/MobileHUDButton2_on.uasset" 228
"../../../Engine/Content/MobileResources/HUD/MobileHUDButton3.uasset" 229
"../../../Engine/Content/MobileResources/HUD/MobileHUDButtonFire.uasset" 230
"../../../Engine/Content/MobileResources/HUD/MobileHUDDirectionPad.uasset" 231
"../../../Engine/Content/MobileResources/HUD/MobileHUDDirectionPad2.uasset" 232
"../../../Engine/Content/MobileResources/HUD/MobileHUDDirectionPad3.uasset" 233
"../../../Engine/Content/MobileResources/HUD/MobileHUDDirectionStick.uasset" 234
"../../../Engine/Content/MobileResources/HUD/T_Castle_ThumbstickInner.uasset" 235
"../../../Engine/Content/MobileResources/HUD/T_Castle_ThumbstickOutter.uasset" 236
"../../../Engine/Content/Tutorial/ContentIntroCurve.uasset" 237
"../../../Engine/Content/Tutorial/Basics/LevelEditorAttract.uasset" 238
"../../../Engine/Content/Tutorial/BlueprintTutorials/TutorialAssets/Blueprint_64x.uasset" 239
"../../../Engine/Content/Tutorial/BlueprintTutorials/BlueprintEditorTutorial.uasset" 240
"../../../Engine/Content/Tutorial/Installation/InstallingVisualStudioTutorial.uasset" 241
"../../../Engine/Content/VREditor/LaserPointer/VR_LaserPower_01.uasset" 242
"../../../Engine/Content/VREditor/TransformGizmo/TransformGizmoMaterial.uasset" 243
"../../../Engine/Content/VREditor/TransformGizmo/TranslucentTransformGizmoMaterial.uasset" 244
"../../../Engine/Content/VREditor/TransformGizmo/BoundingBoxCorner.uasset" 245
"../../../Engine/Content/VREditor/TransformGizmo/BoundingBoxEdge.uasset" 246
"../../../Engine/Content/VREditor/TransformGizmo/PlaneTranslationHandle.uasset" 247
"../../../Engine/Content/VREditor/TransformGizmo/Main.uasset" 248
"../../../Engine/Content/VREditor/TransformGizmo/Xray.uasset" 249
"../../../Engine/Content/VREditor/TransformGizmo/SM_Sequencer_Key.uasset" 250
"../../../Engine/Content/VREditor/TransformGizmo/SM_Sequencer_Node.uasset" 251
"../../Plugins/2D/Paper2D/Content/PlaceholderTextures/DummySpriteTexture.uasset" 252
"../../Plugins/2D/Paper2D/Content/DummySprite.uasset" 253
"../../Plugins/2D/Paper2D/Content/DefaultPaperTerrainMaterial.uasset" 254
"../../Plugins/2D/Paper2D/Content/DummySpriteTexture.uasset" 255
"../../Plugins/2D/Paper2D/Content/DefaultSpriteMaterial.uasset" 256
"../../Plugins/2D/Paper2D/Content/MaskedUnlitSpriteMaterial.uasset" 257
"../../Plugins/2D/Paper2D/Content/OpaqueUnlitSpriteMaterial.uasset" 258
"../../../Engine/Content/Functions/Engine_MaterialFunctions02/Utility/BreakOutFloat4Components.uasset" 259
"../../../Engine/Content/Functions/Engine_MaterialFunctions02/Utility/MakeFloat2.uasset" 260
"../../../Engine/Content/Functions/Engine_MaterialFunctions02/Utility/MakeFloat3.uasset" 261
"../../Plugins/Runtime/Oculus/OculusVR/Content/Materials/OculusMR_ChromaKey.uasset" 262
"../../Plugins/Runtime/Oculus/OculusVR/Content/Materials/OculusMR_ChromaKey_Lit.uasset" 263
"../../Plugins/Runtime/Oculus/OculusVR/Content/Materials/OculusMR_OpaqueColoredMaterial.uasset" 264
"../../Plugins/Runtime/Oculus/OculusVR/Content/Materials/OculusMR_WhiteMaterial.uasset" 265
"../../../Engine/Content/EngineSky/C_Sky_Cloud_Color.uasset" 266
"../../../Engine/Content/EngineSky/C_Sky_Horizon_Color.uasset" 267
"../../../Engine/Content/EngineSky/C_Sky_Zenith_Color.uasset" 268
"../../../Engine/Content/EngineSky/T_Sky_Blue.uasset" 269
"../../../Engine/Content/EngineSky/T_Sky_Clouds_M.uasset" 270
"../../../Engine/Content/EngineSky/T_Sky_Stars.uasset" 271
"../../../Engine/Content/EngineSky/M_Sky_Panning_Clouds2.uasset" 272
"../../../Engine/Content/EngineSky/SM_SkySphere.uasset" 273
"../../../Engine/Content/EngineSky/BP_Sky_Sphere.uasset" 274
"../../../../../../Users/Banji/Documents/Unreal Projects/CrossyRoad/Content/ThirdPersonBP/Blueprints/Collisionformore.uasset" 275
"../../../../../../Users/Banji/Documents/Unreal Projects/CrossyRoad/Content/ThirdPersonBP/Blueprints/TerrainstripGrasStart.uasset" 276
"../../../../../../Users/Banji/Documents/Unreal Projects/CrossyRoad/Content/Assests/EyeCore.uasset" 277
"../../../../../../Users/Banji/Documents/Unreal Projects/CrossyRoad/Content/Assests/Truck_Color.uasset" 278
"../../../../../../Users/Banji/Documents/Unreal Projects/CrossyRoad/Content/Assests/notaclone_Exhaust_Bottom.uasset" 279
"../../../../../../Users/Banji/Documents/Unreal Projects/CrossyRoad/Content/ThirdPersonBP/Blueprints/M_SILVER.uasset" 280
"../../../../../../Users/Banji/Documents/Unreal Projects/CrossyRoad/Content/ThirdPersonBP/Blueprints/M_WHITE.uasset" 281
"../../../../../../Users/Banji/Documents/Unreal Projects/CrossyRoad/Content/ThirdPersonBP/Blueprints/notaclone_cube_body.uasset" 282
"../../../../../../Users/Banji/Documents/Unreal Projects/CrossyRoad/Content/ThirdPersonBP/Blueprints/Car.uasset" 283
"../../../../../../Users/Banji/Documents/Unreal Projects/CrossyRoad/Content/ThirdPersonBP/Blueprints/TerrainstripRoad.uasset" 284
"../../../../../../Users/Banji/Documents/Unreal Projects/CrossyRoad/Content/ThirdPersonBP/Blueprints/Lillypad.uasset" 285
"../../../../../../Users/Banji/Documents/Unreal Projects/CrossyRoad/Content/ThirdPersonBP/Blueprints/Log.uasset" 286
"../../../../../../Users/Banji/Documents/Unreal Projects/CrossyRoad/Content/Assests/blue.uasset" 287
"../../../../../../Users/Banji/Documents/Unreal Projects/CrossyRoad/Content/ThirdPersonBP/Blueprints/water.uasset" 288
"../../../../../../Users/Banji/Documents/Unreal Projects/CrossyRoad/Content/ThirdPersonBP/Blueprints/Terraintype.uasset" 289
"../../../../../../Users/Banji/Documents/Unreal Projects/CrossyRoad/Content/ThirdPersonBP/Blueprints/TerrianSpawner.uasset" 290
"../../../../../../Users/Banji/Documents/Unreal Projects/CrossyRoad/Content/ThirdPersonBP/Blueprints/ThirdPersonGameMode.uasset" 291
"../../../../../../Users/Banji/Documents/Unreal Projects/CrossyRoad/Content/ThirdPersonBP/Maps/ThirdPersonExampleMap_BuiltData.uasset" 292
"../../../../../../Users/Banji/Documents/Unreal Projects/CrossyRoad/Content/ThirdPersonBP/Blueprints/gatve_Varniu__1_.uasset" 293
"../../../../../../Users/Banji/Documents/Unreal Projects/CrossyRoad/Content/ThirdPersonBP/Maps/ThirdPersonExampleMap.umap" 294
"../../../../../../Users/Banji/Documents/Unreal Projects/CrossyRoad/Content/Geometry/Meshes/1M_Cube_Chamfer.uasset" 295
"../../../../../../Users/Banji/Documents/Unreal Projects/CrossyRoad/Content/Geometry/Meshes/TemplateFloor.uasset" 296
"../../../../../../Users/Banji/Documents/Unreal Projects/CrossyRoad/Content/ThirdPerson/Meshes/RampMaterial.uasset" 297
"../../../../../../Users/Banji/Documents/Unreal Projects/CrossyRoad/Content/ThirdPerson/Meshes/Bump_StaticMesh.uasset" 298
"../../../../../../Users/Banji/Documents/Unreal Projects/CrossyRoad/Content/ThirdPerson/Meshes/LeftArm_StaticMesh.uasset" 299
"../../../../../../Users/Banji/Documents/Unreal Projects/CrossyRoad/Content/ThirdPerson/Meshes/Linear_Stair_StaticMesh.uasset" 300
"../../../../../../Users/Banji/Documents/Unreal Projects/CrossyRoad/Content/ThirdPerson/Meshes/Ramp_StaticMesh.uasset" 301
"../../../../../../Users/Banji/Documents/Unreal Projects/CrossyRoad/Content/ThirdPerson/Meshes/RightArm_StaticMesh.uasset" 302
"../../../../../../Users/Banji/Documents/Unreal Projects/CrossyRoad/Content/ThirdPersonBP/Maps/ThirdPersonExampleMap_2.umap" 303
"../../../Engine/Content/Maps/Entry_BuiltData.uasset" 304
"../../../Engine/Content/Maps/Entry.umap" 305
